{
  "stats": {
    "suites": 19,
    "tests": 30,
    "passes": 30,
    "pending": 0,
    "failures": 0,
    "start": "2025-04-14T12:00:08.921Z",
    "end": "2025-04-14T12:00:08.975Z",
    "duration": 54,
    "testsRegistered": 30,
    "passPercent": 100,
    "pendingPercent": 0,
    "other": 0,
    "hasOther": false,
    "skipped": 0,
    "hasSkipped": false
  },
  "results": [
    {
      "uuid": "8abe2931-14e7-47e9-83b9-dd3067e43073",
      "title": "",
      "fullFile": "",
      "file": "",
      "beforeHooks": [],
      "afterHooks": [],
      "tests": [],
      "suites": [
        {
          "uuid": "e22decf9-b57d-4166-94f8-5d0ac7bbcbe4",
          "title": "Array Utils",
          "fullFile": "C:\\Users\\user\\Desktop\\Game Studies\\unit-tests-repo\\test\\arrayUtils.test.js",
          "file": "\\test\\arrayUtils.test.js",
          "beforeHooks": [],
          "afterHooks": [],
          "tests": [],
          "suites": [
            {
              "uuid": "13b22227-aae0-4732-bb4f-f1ccedeee905",
              "title": "findMax",
              "fullFile": "C:\\Users\\user\\Desktop\\Game Studies\\unit-tests-repo\\test\\arrayUtils.test.js",
              "file": "\\test\\arrayUtils.test.js",
              "beforeHooks": [],
              "afterHooks": [],
              "tests": [
                {
                  "title": "Возвращает максимальное число из массива",
                  "fullTitle": "Array Utils findMax Возвращает максимальное число из массива",
                  "timedOut": false,
                  "duration": 0,
                  "state": "passed",
                  "speed": "fast",
                  "pass": true,
                  "fail": false,
                  "pending": false,
                  "context": null,
                  "code": "expect(findMax([1, 5, 3])).to.equal(5);",
                  "err": {},
                  "uuid": "f022dc38-14f6-405d-a16a-7d04ebf076a0",
                  "parentUUID": "13b22227-aae0-4732-bb4f-f1ccedeee905",
                  "isHook": false,
                  "skipped": false
                },
                {
                  "title": "Выбрасывает ошибку, если входной параметр не массив",
                  "fullTitle": "Array Utils findMax Выбрасывает ошибку, если входной параметр не массив",
                  "timedOut": false,
                  "duration": 0,
                  "state": "passed",
                  "speed": "fast",
                  "pass": true,
                  "fail": false,
                  "pending": false,
                  "context": null,
                  "code": "expect(() => findMax('not array')).to.throw('Input must be an array');",
                  "err": {},
                  "uuid": "bbb786c2-d9e3-49c3-9059-da49d7f9dedd",
                  "parentUUID": "13b22227-aae0-4732-bb4f-f1ccedeee905",
                  "isHook": false,
                  "skipped": false
                }
              ],
              "suites": [],
              "passes": [
                "f022dc38-14f6-405d-a16a-7d04ebf076a0",
                "bbb786c2-d9e3-49c3-9059-da49d7f9dedd"
              ],
              "failures": [],
              "pending": [],
              "skipped": [],
              "duration": 0,
              "root": false,
              "rootEmpty": false,
              "_timeout": 2000
            },
            {
              "uuid": "8a279a26-d12f-450f-a07e-888ff5e3c203",
              "title": "findMin",
              "fullFile": "C:\\Users\\user\\Desktop\\Game Studies\\unit-tests-repo\\test\\arrayUtils.test.js",
              "file": "\\test\\arrayUtils.test.js",
              "beforeHooks": [],
              "afterHooks": [],
              "tests": [
                {
                  "title": "Возвращает минимальное число из массива",
                  "fullTitle": "Array Utils findMin Возвращает минимальное число из массива",
                  "timedOut": false,
                  "duration": 0,
                  "state": "passed",
                  "speed": "fast",
                  "pass": true,
                  "fail": false,
                  "pending": false,
                  "context": null,
                  "code": "expect(findMin([4, 6, 8])).to.equal(4);",
                  "err": {},
                  "uuid": "756859fc-0407-4f42-8c61-92e21df36e0c",
                  "parentUUID": "8a279a26-d12f-450f-a07e-888ff5e3c203",
                  "isHook": false,
                  "skipped": false
                },
                {
                  "title": "Выбрасывает ошибку, если входной параметр не массив",
                  "fullTitle": "Array Utils findMin Выбрасывает ошибку, если входной параметр не массив",
                  "timedOut": false,
                  "duration": 0,
                  "state": "passed",
                  "speed": "fast",
                  "pass": true,
                  "fail": false,
                  "pending": false,
                  "context": null,
                  "code": "expect(() => findMin('not array')).to.throw('Input must be an array');",
                  "err": {},
                  "uuid": "80521ee6-3c5f-4ca9-a2ed-86754f0d04a2",
                  "parentUUID": "8a279a26-d12f-450f-a07e-888ff5e3c203",
                  "isHook": false,
                  "skipped": false
                }
              ],
              "suites": [],
              "passes": [
                "756859fc-0407-4f42-8c61-92e21df36e0c",
                "80521ee6-3c5f-4ca9-a2ed-86754f0d04a2"
              ],
              "failures": [],
              "pending": [],
              "skipped": [],
              "duration": 0,
              "root": false,
              "rootEmpty": false,
              "_timeout": 2000
            },
            {
              "uuid": "98f5c52b-12b8-4912-91a2-06afbe5c306d",
              "title": "removeDuplicates",
              "fullFile": "C:\\Users\\user\\Desktop\\Game Studies\\unit-tests-repo\\test\\arrayUtils.test.js",
              "file": "\\test\\arrayUtils.test.js",
              "beforeHooks": [],
              "afterHooks": [],
              "tests": [
                {
                  "title": "Удаляет дубликаты",
                  "fullTitle": "Array Utils removeDuplicates Удаляет дубликаты",
                  "timedOut": false,
                  "duration": 1,
                  "state": "passed",
                  "speed": "fast",
                  "pass": true,
                  "fail": false,
                  "pending": false,
                  "context": null,
                  "code": "expect(removeDuplicates([1, 2, 2, 3])).to.deep.equal([1, 2, 3]);",
                  "err": {},
                  "uuid": "2d3030b1-bdcb-4c49-9c2d-7f1a24cae41f",
                  "parentUUID": "98f5c52b-12b8-4912-91a2-06afbe5c306d",
                  "isHook": false,
                  "skipped": false
                },
                {
                  "title": "Выбрасывает ошибку, если входной параметр не массив",
                  "fullTitle": "Array Utils removeDuplicates Выбрасывает ошибку, если входной параметр не массив",
                  "timedOut": false,
                  "duration": 1,
                  "state": "passed",
                  "speed": "fast",
                  "pass": true,
                  "fail": false,
                  "pending": false,
                  "context": null,
                  "code": "expect(() => removeDuplicates('not array')).to.throw('Input must be an array');",
                  "err": {},
                  "uuid": "03c6bfb4-79fd-4ce6-8dd1-b15ab9fc2657",
                  "parentUUID": "98f5c52b-12b8-4912-91a2-06afbe5c306d",
                  "isHook": false,
                  "skipped": false
                }
              ],
              "suites": [],
              "passes": [
                "2d3030b1-bdcb-4c49-9c2d-7f1a24cae41f",
                "03c6bfb4-79fd-4ce6-8dd1-b15ab9fc2657"
              ],
              "failures": [],
              "pending": [],
              "skipped": [],
              "duration": 2,
              "root": false,
              "rootEmpty": false,
              "_timeout": 2000
            }
          ],
          "passes": [],
          "failures": [],
          "pending": [],
          "skipped": [],
          "duration": 0,
          "root": false,
          "rootEmpty": false,
          "_timeout": 2000
        },
        {
          "uuid": "60fe6776-e762-4b54-ada0-41cd5d337170",
          "title": "Math Utils",
          "fullFile": "C:\\Users\\user\\Desktop\\Game Studies\\unit-tests-repo\\test\\mathUtils.test.js",
          "file": "\\test\\mathUtils.test.js",
          "beforeHooks": [],
          "afterHooks": [],
          "tests": [],
          "suites": [
            {
              "uuid": "a9db1488-51c0-4dc2-adcf-d5182a5ffddd",
              "title": "Add",
              "fullFile": "C:\\Users\\user\\Desktop\\Game Studies\\unit-tests-repo\\test\\mathUtils.test.js",
              "file": "\\test\\mathUtils.test.js",
              "beforeHooks": [],
              "afterHooks": [],
              "tests": [
                {
                  "title": "Возвращает сумму двух чисел",
                  "fullTitle": "Math Utils Add Возвращает сумму двух чисел",
                  "timedOut": false,
                  "duration": 0,
                  "state": "passed",
                  "speed": "fast",
                  "pass": true,
                  "fail": false,
                  "pending": false,
                  "context": null,
                  "code": "expect(add(3, 2)).to.equal(5);",
                  "err": {},
                  "uuid": "148e7d5c-8a41-4893-899c-ddc29a6bb94e",
                  "parentUUID": "a9db1488-51c0-4dc2-adcf-d5182a5ffddd",
                  "isHook": false,
                  "skipped": false
                }
              ],
              "suites": [],
              "passes": [
                "148e7d5c-8a41-4893-899c-ddc29a6bb94e"
              ],
              "failures": [],
              "pending": [],
              "skipped": [],
              "duration": 0,
              "root": false,
              "rootEmpty": false,
              "_timeout": 2000
            },
            {
              "uuid": "1ae9489b-1a3a-4fea-a9fb-faa197c7612b",
              "title": "Subtract",
              "fullFile": "C:\\Users\\user\\Desktop\\Game Studies\\unit-tests-repo\\test\\mathUtils.test.js",
              "file": "\\test\\mathUtils.test.js",
              "beforeHooks": [],
              "afterHooks": [],
              "tests": [
                {
                  "title": "Возвращает разницу двух чисел",
                  "fullTitle": "Math Utils Subtract Возвращает разницу двух чисел",
                  "timedOut": false,
                  "duration": 0,
                  "state": "passed",
                  "speed": "fast",
                  "pass": true,
                  "fail": false,
                  "pending": false,
                  "context": null,
                  "code": "expect(subtract(5, 2)).to.equal(3);",
                  "err": {},
                  "uuid": "d16c4427-064e-425d-8635-32c1d0acc91b",
                  "parentUUID": "1ae9489b-1a3a-4fea-a9fb-faa197c7612b",
                  "isHook": false,
                  "skipped": false
                }
              ],
              "suites": [],
              "passes": [
                "d16c4427-064e-425d-8635-32c1d0acc91b"
              ],
              "failures": [],
              "pending": [],
              "skipped": [],
              "duration": 0,
              "root": false,
              "rootEmpty": false,
              "_timeout": 2000
            },
            {
              "uuid": "31641542-c281-484e-9c0d-62533c080b09",
              "title": "Multiply",
              "fullFile": "C:\\Users\\user\\Desktop\\Game Studies\\unit-tests-repo\\test\\mathUtils.test.js",
              "file": "\\test\\mathUtils.test.js",
              "beforeHooks": [],
              "afterHooks": [],
              "tests": [
                {
                  "title": "Возвращает произведение двух чисел",
                  "fullTitle": "Math Utils Multiply Возвращает произведение двух чисел",
                  "timedOut": false,
                  "duration": 0,
                  "state": "passed",
                  "speed": "fast",
                  "pass": true,
                  "fail": false,
                  "pending": false,
                  "context": null,
                  "code": "expect(multiply(4, 5)).to.equal(20);",
                  "err": {},
                  "uuid": "81f58fe1-3288-4b02-9bb3-d9f9b0092bc8",
                  "parentUUID": "31641542-c281-484e-9c0d-62533c080b09",
                  "isHook": false,
                  "skipped": false
                }
              ],
              "suites": [],
              "passes": [
                "81f58fe1-3288-4b02-9bb3-d9f9b0092bc8"
              ],
              "failures": [],
              "pending": [],
              "skipped": [],
              "duration": 0,
              "root": false,
              "rootEmpty": false,
              "_timeout": 2000
            },
            {
              "uuid": "ee3a237d-188d-45d2-ae7b-533b925f2282",
              "title": "Divide",
              "fullFile": "C:\\Users\\user\\Desktop\\Game Studies\\unit-tests-repo\\test\\mathUtils.test.js",
              "file": "\\test\\mathUtils.test.js",
              "beforeHooks": [],
              "afterHooks": [],
              "tests": [
                {
                  "title": "Возвращает частное двух чисел",
                  "fullTitle": "Math Utils Divide Возвращает частное двух чисел",
                  "timedOut": false,
                  "duration": 0,
                  "state": "passed",
                  "speed": "fast",
                  "pass": true,
                  "fail": false,
                  "pending": false,
                  "context": null,
                  "code": "expect(divide(6, 2)).to.equal(3);",
                  "err": {},
                  "uuid": "5fcdc25a-98b5-431c-ae8d-12ab8f7046f1",
                  "parentUUID": "ee3a237d-188d-45d2-ae7b-533b925f2282",
                  "isHook": false,
                  "skipped": false
                },
                {
                  "title": "Ошибка при делении на ноль",
                  "fullTitle": "Math Utils Divide Ошибка при делении на ноль",
                  "timedOut": false,
                  "duration": 0,
                  "state": "passed",
                  "speed": "fast",
                  "pass": true,
                  "fail": false,
                  "pending": false,
                  "context": null,
                  "code": "expect(() => divide(5, 0)).to.throw(\"Cannot divide by zero\");",
                  "err": {},
                  "uuid": "1b793bbf-0c3c-44ab-9e35-ee898d923d0b",
                  "parentUUID": "ee3a237d-188d-45d2-ae7b-533b925f2282",
                  "isHook": false,
                  "skipped": false
                }
              ],
              "suites": [],
              "passes": [
                "5fcdc25a-98b5-431c-ae8d-12ab8f7046f1",
                "1b793bbf-0c3c-44ab-9e35-ee898d923d0b"
              ],
              "failures": [],
              "pending": [],
              "skipped": [],
              "duration": 0,
              "root": false,
              "rootEmpty": false,
              "_timeout": 2000
            }
          ],
          "passes": [],
          "failures": [],
          "pending": [],
          "skipped": [],
          "duration": 0,
          "root": false,
          "rootEmpty": false,
          "_timeout": 2000
        },
        {
          "uuid": "c45dceb3-4207-4f6d-9c98-2399226716b2",
          "title": "String Utils",
          "fullFile": "C:\\Users\\user\\Desktop\\Game Studies\\unit-tests-repo\\test\\stringUtils.test.js",
          "file": "\\test\\stringUtils.test.js",
          "beforeHooks": [],
          "afterHooks": [],
          "tests": [],
          "suites": [
            {
              "uuid": "d6c8e5c7-e0fb-43ab-9e7d-6c8c3859c563",
              "title": "capitalize",
              "fullFile": "C:\\Users\\user\\Desktop\\Game Studies\\unit-tests-repo\\test\\stringUtils.test.js",
              "file": "\\test\\stringUtils.test.js",
              "beforeHooks": [],
              "afterHooks": [],
              "tests": [
                {
                  "title": "Делает первую букву заглавной",
                  "fullTitle": "String Utils capitalize Делает первую букву заглавной",
                  "timedOut": false,
                  "duration": 0,
                  "state": "passed",
                  "speed": "fast",
                  "pass": true,
                  "fail": false,
                  "pending": false,
                  "context": null,
                  "code": "expect(capitalize('chanel')).to.equal('Chanel');",
                  "err": {},
                  "uuid": "631a5769-86f7-4522-8a08-c53ba0de30be",
                  "parentUUID": "d6c8e5c7-e0fb-43ab-9e7d-6c8c3859c563",
                  "isHook": false,
                  "skipped": false
                },
                {
                  "title": "Выбрасывает ошибку, если входной параметр не строка",
                  "fullTitle": "String Utils capitalize Выбрасывает ошибку, если входной параметр не строка",
                  "timedOut": false,
                  "duration": 1,
                  "state": "passed",
                  "speed": "fast",
                  "pass": true,
                  "fail": false,
                  "pending": false,
                  "context": null,
                  "code": "expect(() => capitalize(123)).to.throw(\"Input must be a string\");",
                  "err": {},
                  "uuid": "a2fe247c-9b5c-4477-919c-353a6bfe658a",
                  "parentUUID": "d6c8e5c7-e0fb-43ab-9e7d-6c8c3859c563",
                  "isHook": false,
                  "skipped": false
                }
              ],
              "suites": [],
              "passes": [
                "631a5769-86f7-4522-8a08-c53ba0de30be",
                "a2fe247c-9b5c-4477-919c-353a6bfe658a"
              ],
              "failures": [],
              "pending": [],
              "skipped": [],
              "duration": 1,
              "root": false,
              "rootEmpty": false,
              "_timeout": 2000
            },
            {
              "uuid": "9d1485d4-23a3-4edd-9975-37dada38deb4",
              "title": "reverseString",
              "fullFile": "C:\\Users\\user\\Desktop\\Game Studies\\unit-tests-repo\\test\\stringUtils.test.js",
              "file": "\\test\\stringUtils.test.js",
              "beforeHooks": [],
              "afterHooks": [],
              "tests": [
                {
                  "title": "Отражает строку",
                  "fullTitle": "String Utils reverseString Отражает строку",
                  "timedOut": false,
                  "duration": 0,
                  "state": "passed",
                  "speed": "fast",
                  "pass": true,
                  "fail": false,
                  "pending": false,
                  "context": null,
                  "code": "expect(reverseString('drawer')).to.equal('reward');",
                  "err": {},
                  "uuid": "755b1165-da87-4b26-918d-5fabedc3ddf3",
                  "parentUUID": "9d1485d4-23a3-4edd-9975-37dada38deb4",
                  "isHook": false,
                  "skipped": false
                },
                {
                  "title": "Выбрасывает ошибку, если входной параметр не строка",
                  "fullTitle": "String Utils reverseString Выбрасывает ошибку, если входной параметр не строка",
                  "timedOut": false,
                  "duration": 0,
                  "state": "passed",
                  "speed": "fast",
                  "pass": true,
                  "fail": false,
                  "pending": false,
                  "context": null,
                  "code": "expect(() => reverseString(true)).to.throw(\"Input must be a string\");",
                  "err": {},
                  "uuid": "203abc74-0394-41ef-893f-f46cc722932f",
                  "parentUUID": "9d1485d4-23a3-4edd-9975-37dada38deb4",
                  "isHook": false,
                  "skipped": false
                }
              ],
              "suites": [],
              "passes": [
                "755b1165-da87-4b26-918d-5fabedc3ddf3",
                "203abc74-0394-41ef-893f-f46cc722932f"
              ],
              "failures": [],
              "pending": [],
              "skipped": [],
              "duration": 0,
              "root": false,
              "rootEmpty": false,
              "_timeout": 2000
            },
            {
              "uuid": "5c44839f-1f9a-4172-99da-520581bbce18",
              "title": "isPalindrome",
              "fullFile": "C:\\Users\\user\\Desktop\\Game Studies\\unit-tests-repo\\test\\stringUtils.test.js",
              "file": "\\test\\stringUtils.test.js",
              "beforeHooks": [],
              "afterHooks": [],
              "tests": [
                {
                  "title": "Определяет палиндромы",
                  "fullTitle": "String Utils isPalindrome Определяет палиндромы",
                  "timedOut": false,
                  "duration": 0,
                  "state": "passed",
                  "speed": "fast",
                  "pass": true,
                  "fail": false,
                  "pending": false,
                  "context": null,
                  "code": "expect(isPalindrome('madam')).to.be.true;",
                  "err": {},
                  "uuid": "b48d4821-a120-431c-bb0a-0f0e0860d38d",
                  "parentUUID": "5c44839f-1f9a-4172-99da-520581bbce18",
                  "isHook": false,
                  "skipped": false
                },
                {
                  "title": "Не определяет как палиндром ",
                  "fullTitle": "String Utils isPalindrome Не определяет как палиндром ",
                  "timedOut": false,
                  "duration": 1,
                  "state": "passed",
                  "speed": "fast",
                  "pass": true,
                  "fail": false,
                  "pending": false,
                  "context": null,
                  "code": "expect(isPalindrome('hello')).to.be.false;",
                  "err": {},
                  "uuid": "5cf4e57f-868f-4ed4-8406-10eae32fc7b4",
                  "parentUUID": "5c44839f-1f9a-4172-99da-520581bbce18",
                  "isHook": false,
                  "skipped": false
                },
                {
                  "title": "Выбрасывает ошибку, если входной параметр не строка",
                  "fullTitle": "String Utils isPalindrome Выбрасывает ошибку, если входной параметр не строка",
                  "timedOut": false,
                  "duration": 1,
                  "state": "passed",
                  "speed": "fast",
                  "pass": true,
                  "fail": false,
                  "pending": false,
                  "context": null,
                  "code": "expect(() => isPalindrome(123)).to.throw(\"Input must be a string\");",
                  "err": {},
                  "uuid": "c9e4426c-5d13-469c-ae8e-974120d34c94",
                  "parentUUID": "5c44839f-1f9a-4172-99da-520581bbce18",
                  "isHook": false,
                  "skipped": false
                }
              ],
              "suites": [],
              "passes": [
                "b48d4821-a120-431c-bb0a-0f0e0860d38d",
                "5cf4e57f-868f-4ed4-8406-10eae32fc7b4",
                "c9e4426c-5d13-469c-ae8e-974120d34c94"
              ],
              "failures": [],
              "pending": [],
              "skipped": [],
              "duration": 2,
              "root": false,
              "rootEmpty": false,
              "_timeout": 2000
            }
          ],
          "passes": [],
          "failures": [],
          "pending": [],
          "skipped": [],
          "duration": 0,
          "root": false,
          "rootEmpty": false,
          "_timeout": 2000
        },
        {
          "uuid": "b98b929d-7607-4840-921e-8380055c01d5",
          "title": "Student Knowledge Checker",
          "fullFile": "C:\\Users\\user\\Desktop\\Game Studies\\unit-tests-repo\\test\\studentKnowledgeChecker.test.js",
          "file": "\\test\\studentKnowledgeChecker.test.js",
          "beforeHooks": [],
          "afterHooks": [],
          "tests": [
            {
              "title": "Возвращает true для правильных ответов",
              "fullTitle": "Student Knowledge Checker Возвращает true для правильных ответов",
              "timedOut": false,
              "duration": 0,
              "state": "passed",
              "speed": "fast",
              "pass": true,
              "fail": false,
              "pending": false,
              "context": null,
              "code": "const studentAnswers = { q1: 'a1', q2: 'a2' };\nconst correctAnswers = { q1: 'a1', q2: 'a2' };\nexpect(checkStudentKnowledge(studentAnswers, correctAnswers)).to.be.true;",
              "err": {},
              "uuid": "748160f3-1411-4614-8470-ea8c830e823d",
              "parentUUID": "b98b929d-7607-4840-921e-8380055c01d5",
              "isHook": false,
              "skipped": false
            },
            {
              "title": "Возвращает false для неправильных ответов",
              "fullTitle": "Student Knowledge Checker Возвращает false для неправильных ответов",
              "timedOut": false,
              "duration": 0,
              "state": "passed",
              "speed": "fast",
              "pass": true,
              "fail": false,
              "pending": false,
              "context": null,
              "code": "const studentAnswers = { q1: 'a1', q2: 'wrong' };\nconst correctAnswers = { q1: 'a1', q2: 'a2' };\nexpect(checkStudentKnowledge(studentAnswers, correctAnswers)).to.be.false;",
              "err": {},
              "uuid": "31c21d00-ea84-42e2-a452-de1219ae6ba2",
              "parentUUID": "b98b929d-7607-4840-921e-8380055c01d5",
              "isHook": false,
              "skipped": false
            },
            {
              "title": "Возвращает false, если количество ключей разное",
              "fullTitle": "Student Knowledge Checker Возвращает false, если количество ключей разное",
              "timedOut": false,
              "duration": 0,
              "state": "passed",
              "speed": "fast",
              "pass": true,
              "fail": false,
              "pending": false,
              "context": null,
              "code": "const studentAnswers = { q1: 'a1', q2: 'a2', q3: 'a3' };\nconst correctAnswers = { q1: 'a1', q2: 'a2' };\nexpect(checkStudentKnowledge(studentAnswers, correctAnswers)).to.be.false;",
              "err": {},
              "uuid": "f974bb54-6777-40cd-bba9-7f141cb4e8ae",
              "parentUUID": "b98b929d-7607-4840-921e-8380055c01d5",
              "isHook": false,
              "skipped": false
            },
            {
              "title": "Возвращает false, если ключи не совпадают",
              "fullTitle": "Student Knowledge Checker Возвращает false, если ключи не совпадают",
              "timedOut": false,
              "duration": 1,
              "state": "passed",
              "speed": "fast",
              "pass": true,
              "fail": false,
              "pending": false,
              "context": null,
              "code": "const studentAnswers = { q1: 'a1', q3: 'a3' };\nconst correctAnswers = { q1: 'a1', q2: 'a2' };\nexpect(checkStudentKnowledge(studentAnswers, correctAnswers)).to.be.false;",
              "err": {},
              "uuid": "883050c9-2e98-4f39-84f8-f17fd3bb48a7",
              "parentUUID": "b98b929d-7607-4840-921e-8380055c01d5",
              "isHook": false,
              "skipped": false
            }
          ],
          "suites": [],
          "passes": [
            "748160f3-1411-4614-8470-ea8c830e823d",
            "31c21d00-ea84-42e2-a452-de1219ae6ba2",
            "f974bb54-6777-40cd-bba9-7f141cb4e8ae",
            "883050c9-2e98-4f39-84f8-f17fd3bb48a7"
          ],
          "failures": [],
          "pending": [],
          "skipped": [],
          "duration": 1,
          "root": false,
          "rootEmpty": false,
          "_timeout": 2000
        },
        {
          "uuid": "e285deef-846f-4236-ad80-15a479499441",
          "title": "Users List Utils",
          "fullFile": "C:\\Users\\user\\Desktop\\Game Studies\\unit-tests-repo\\test\\usersListUtils.test.js",
          "file": "\\test\\usersListUtils.test.js",
          "beforeHooks": [],
          "afterHooks": [],
          "tests": [],
          "suites": [
            {
              "uuid": "c9362da4-0e81-4380-913d-79fc2f288339",
              "title": "filterUsersByAge",
              "fullFile": "C:\\Users\\user\\Desktop\\Game Studies\\unit-tests-repo\\test\\usersListUtils.test.js",
              "file": "\\test\\usersListUtils.test.js",
              "beforeHooks": [],
              "afterHooks": [],
              "tests": [
                {
                  "title": "Фильтрует пользователей по возрасту",
                  "fullTitle": "Users List Utils filterUsersByAge Фильтрует пользователей по возрасту",
                  "timedOut": false,
                  "duration": 0,
                  "state": "passed",
                  "speed": "fast",
                  "pass": true,
                  "fail": false,
                  "pending": false,
                  "context": null,
                  "code": "const users = [\n  { id: 1, age: 20 },\n  { id: 2, age: 25 },\n  { id: 3, age: 30 },\n];\nexpect(filterUsersByAge(users, 20, 27)).to.deep.equal([\n  { id: 1, age: 20 },\n  { id: 2, age: 25 },\n]);",
                  "err": {},
                  "uuid": "463ac8a9-6734-4ee2-a632-33201bc26b43",
                  "parentUUID": "c9362da4-0e81-4380-913d-79fc2f288339",
                  "isHook": false,
                  "skipped": false
                },
                {
                  "title": "Выбрасывает ошибку, если входной параметр не массив",
                  "fullTitle": "Users List Utils filterUsersByAge Выбрасывает ошибку, если входной параметр не массив",
                  "timedOut": false,
                  "duration": 1,
                  "state": "passed",
                  "speed": "fast",
                  "pass": true,
                  "fail": false,
                  "pending": false,
                  "context": null,
                  "code": "expect(() => filterUsersByAge('not array', 20, 30)).to.throw('Users must be an array');",
                  "err": {},
                  "uuid": "925e1284-8fbb-4645-bb30-48648463f042",
                  "parentUUID": "c9362da4-0e81-4380-913d-79fc2f288339",
                  "isHook": false,
                  "skipped": false
                }
              ],
              "suites": [],
              "passes": [
                "463ac8a9-6734-4ee2-a632-33201bc26b43",
                "925e1284-8fbb-4645-bb30-48648463f042"
              ],
              "failures": [],
              "pending": [],
              "skipped": [],
              "duration": 1,
              "root": false,
              "rootEmpty": false,
              "_timeout": 2000
            },
            {
              "uuid": "bcb9708d-ae36-4437-8854-936d0ddbc58e",
              "title": "sortUsersByName",
              "fullFile": "C:\\Users\\user\\Desktop\\Game Studies\\unit-tests-repo\\test\\usersListUtils.test.js",
              "file": "\\test\\usersListUtils.test.js",
              "beforeHooks": [],
              "afterHooks": [],
              "tests": [
                {
                  "title": "Сортирует пользователей по имени",
                  "fullTitle": "Users List Utils sortUsersByName Сортирует пользователей по имени",
                  "timedOut": false,
                  "duration": 11,
                  "state": "passed",
                  "speed": "fast",
                  "pass": true,
                  "fail": false,
                  "pending": false,
                  "context": null,
                  "code": "const users = [\n  { id: 1, name: 'John' },\n  { id: 2, name: 'Alice' },\n  { id: 3, name: 'Bob' },\n];\nexpect(sortUsersByName(users)).to.deep.equal([\n  { id: 2, name: 'Alice' },\n  { id: 3, name: 'Bob' },\n  { id: 1, name: 'John' },\n]);",
                  "err": {},
                  "uuid": "36b05c3c-1a71-4b60-b1ec-b60c9bd98e41",
                  "parentUUID": "bcb9708d-ae36-4437-8854-936d0ddbc58e",
                  "isHook": false,
                  "skipped": false
                },
                {
                  "title": "Выбрасывает ошибку, если входной параметр не массив",
                  "fullTitle": "Users List Utils sortUsersByName Выбрасывает ошибку, если входной параметр не массив",
                  "timedOut": false,
                  "duration": 0,
                  "state": "passed",
                  "speed": "fast",
                  "pass": true,
                  "fail": false,
                  "pending": false,
                  "context": null,
                  "code": "expect(() => sortUsersByName('not array')).to.throw('Users must be an array');",
                  "err": {},
                  "uuid": "1b07d531-071b-4d71-bf09-b8a032a7caf1",
                  "parentUUID": "bcb9708d-ae36-4437-8854-936d0ddbc58e",
                  "isHook": false,
                  "skipped": false
                }
              ],
              "suites": [],
              "passes": [
                "36b05c3c-1a71-4b60-b1ec-b60c9bd98e41",
                "1b07d531-071b-4d71-bf09-b8a032a7caf1"
              ],
              "failures": [],
              "pending": [],
              "skipped": [],
              "duration": 11,
              "root": false,
              "rootEmpty": false,
              "_timeout": 2000
            },
            {
              "uuid": "8f2b4128-c4a4-4a00-a985-011349eee5a3",
              "title": "findUserById",
              "fullFile": "C:\\Users\\user\\Desktop\\Game Studies\\unit-tests-repo\\test\\usersListUtils.test.js",
              "file": "\\test\\usersListUtils.test.js",
              "beforeHooks": [],
              "afterHooks": [],
              "tests": [
                {
                  "title": "Находит пользователя по ID",
                  "fullTitle": "Users List Utils findUserById Находит пользователя по ID",
                  "timedOut": false,
                  "duration": 0,
                  "state": "passed",
                  "speed": "fast",
                  "pass": true,
                  "fail": false,
                  "pending": false,
                  "context": null,
                  "code": "const users = [\n  { id: 1, name: 'John' },\n  { id: 2, name: 'Alice' },\n];\nexpect(findUserById(users, 2)).to.deep.equal({ id: 2, name: 'Alice' });",
                  "err": {},
                  "uuid": "7ef83007-6e1b-4db4-9942-9b330972b5af",
                  "parentUUID": "8f2b4128-c4a4-4a00-a985-011349eee5a3",
                  "isHook": false,
                  "skipped": false
                },
                {
                  "title": "Выбрасывает ошибку, если входной параметр не массив",
                  "fullTitle": "Users List Utils findUserById Выбрасывает ошибку, если входной параметр не массив",
                  "timedOut": false,
                  "duration": 0,
                  "state": "passed",
                  "speed": "fast",
                  "pass": true,
                  "fail": false,
                  "pending": false,
                  "context": null,
                  "code": "expect(() => findUserById('not array', 1)).to.throw('Users must be an array');",
                  "err": {},
                  "uuid": "b7bdf42c-03dd-4d08-acb7-fcf1e44a43b1",
                  "parentUUID": "8f2b4128-c4a4-4a00-a985-011349eee5a3",
                  "isHook": false,
                  "skipped": false
                }
              ],
              "suites": [],
              "passes": [
                "7ef83007-6e1b-4db4-9942-9b330972b5af",
                "b7bdf42c-03dd-4d08-acb7-fcf1e44a43b1"
              ],
              "failures": [],
              "pending": [],
              "skipped": [],
              "duration": 0,
              "root": false,
              "rootEmpty": false,
              "_timeout": 2000
            },
            {
              "uuid": "53890070-b2db-4581-a0ef-f762c588eb39",
              "title": "isEmailTaken",
              "fullFile": "C:\\Users\\user\\Desktop\\Game Studies\\unit-tests-repo\\test\\usersListUtils.test.js",
              "file": "\\test\\usersListUtils.test.js",
              "beforeHooks": [],
              "afterHooks": [],
              "tests": [
                {
                  "title": "Проверяет, существует ли пользователь с указанным email",
                  "fullTitle": "Users List Utils isEmailTaken Проверяет, существует ли пользователь с указанным email",
                  "timedOut": false,
                  "duration": 0,
                  "state": "passed",
                  "speed": "fast",
                  "pass": true,
                  "fail": false,
                  "pending": false,
                  "context": null,
                  "code": "const users = [\n  { id: 1, email: 'john@example.com' },\n  { id: 2, email: 'alice@example.com' },\n];\nexpect(isEmailTaken(users, 'john@example.com')).to.be.true;",
                  "err": {},
                  "uuid": "a8065d59-ab9c-4684-85d4-ab58f67d99dd",
                  "parentUUID": "53890070-b2db-4581-a0ef-f762c588eb39",
                  "isHook": false,
                  "skipped": false
                },
                {
                  "title": "Выбрасывает ошибку, если входной параметр не массив",
                  "fullTitle": "Users List Utils isEmailTaken Выбрасывает ошибку, если входной параметр не массив",
                  "timedOut": false,
                  "duration": 0,
                  "state": "passed",
                  "speed": "fast",
                  "pass": true,
                  "fail": false,
                  "pending": false,
                  "context": null,
                  "code": "expect(() => isEmailTaken('not array', 'test@example.com')).to.throw('Users must be an array');",
                  "err": {},
                  "uuid": "60e888f3-099f-4702-b290-d9d755a161fe",
                  "parentUUID": "53890070-b2db-4581-a0ef-f762c588eb39",
                  "isHook": false,
                  "skipped": false
                }
              ],
              "suites": [],
              "passes": [
                "a8065d59-ab9c-4684-85d4-ab58f67d99dd",
                "60e888f3-099f-4702-b290-d9d755a161fe"
              ],
              "failures": [],
              "pending": [],
              "skipped": [],
              "duration": 0,
              "root": false,
              "rootEmpty": false,
              "_timeout": 2000
            }
          ],
          "passes": [],
          "failures": [],
          "pending": [],
          "skipped": [],
          "duration": 0,
          "root": false,
          "rootEmpty": false,
          "_timeout": 2000
        }
      ],
      "passes": [],
      "failures": [],
      "pending": [],
      "skipped": [],
      "duration": 0,
      "root": true,
      "rootEmpty": true,
      "_timeout": 2000
    }
  ],
  "meta": {
    "mocha": {
      "version": "11.1.0"
    },
    "mochawesome": {
      "options": {
        "quiet": false,
        "reportFilename": "test-report",
        "saveHtml": true,
        "saveJson": true,
        "consoleReporter": "spec",
        "useInlineDiffs": false,
        "code": true
      },
      "version": "7.1.3"
    },
    "marge": {
      "options": {
        "reportDir": "reports",
        "reportFilename": "test-report",
        "overwrite": "true"
      },
      "version": "6.2.0"
    }
  }
}