{
  "stats": {
    "suites": 19,
    "tests": 30,
    "passes": 30,
    "pending": 0,
    "failures": 0,
    "start": "2025-04-11T11:57:33.081Z",
    "end": "2025-04-11T11:57:33.132Z",
    "duration": 51,
    "testsRegistered": 30,
    "passPercent": 100,
    "pendingPercent": 0,
    "other": 0,
    "hasOther": false,
    "skipped": 0,
    "hasSkipped": false
  },
  "results": [
    {
      "uuid": "c9685c12-1805-4770-9f8f-3a781c1feccd",
      "title": "",
      "fullFile": "",
      "file": "",
      "beforeHooks": [],
      "afterHooks": [],
      "tests": [],
      "suites": [
        {
          "uuid": "e5331fc2-6524-4c28-8b6b-f000fb93c166",
          "title": "Array Utils",
          "fullFile": "C:\\Users\\user\\Desktop\\Game Studies\\unit-tests-repo\\test\\arrayUtils.test.js",
          "file": "\\test\\arrayUtils.test.js",
          "beforeHooks": [],
          "afterHooks": [],
          "tests": [],
          "suites": [
            {
              "uuid": "48d5573d-7995-41c4-801d-2738d35f3e96",
              "title": "findMax",
              "fullFile": "C:\\Users\\user\\Desktop\\Game Studies\\unit-tests-repo\\test\\arrayUtils.test.js",
              "file": "\\test\\arrayUtils.test.js",
              "beforeHooks": [],
              "afterHooks": [],
              "tests": [
                {
                  "title": "Возвращает максимальное число из массива",
                  "fullTitle": "Array Utils findMax Возвращает максимальное число из массива",
                  "timedOut": false,
                  "duration": 1,
                  "state": "passed",
                  "speed": "fast",
                  "pass": true,
                  "fail": false,
                  "pending": false,
                  "context": null,
                  "code": "expect(findMax([1, 5, 3])).to.equal(5);",
                  "err": {},
                  "uuid": "caf7947d-5985-420c-a094-648d5e5b0f84",
                  "parentUUID": "48d5573d-7995-41c4-801d-2738d35f3e96",
                  "isHook": false,
                  "skipped": false
                },
                {
                  "title": "Выбрасывает ошибку, если входной параметр не массив",
                  "fullTitle": "Array Utils findMax Выбрасывает ошибку, если входной параметр не массив",
                  "timedOut": false,
                  "duration": 0,
                  "state": "passed",
                  "speed": "fast",
                  "pass": true,
                  "fail": false,
                  "pending": false,
                  "context": null,
                  "code": "expect(() => findMax('not array')).to.throw('Input must be an array');",
                  "err": {},
                  "uuid": "244dce31-957e-4ef7-b184-b7e47fef074a",
                  "parentUUID": "48d5573d-7995-41c4-801d-2738d35f3e96",
                  "isHook": false,
                  "skipped": false
                }
              ],
              "suites": [],
              "passes": [
                "caf7947d-5985-420c-a094-648d5e5b0f84",
                "244dce31-957e-4ef7-b184-b7e47fef074a"
              ],
              "failures": [],
              "pending": [],
              "skipped": [],
              "duration": 1,
              "root": false,
              "rootEmpty": false,
              "_timeout": 2000
            },
            {
              "uuid": "492ce61d-a91c-4abc-a63c-11477ca7e9cd",
              "title": "findMin",
              "fullFile": "C:\\Users\\user\\Desktop\\Game Studies\\unit-tests-repo\\test\\arrayUtils.test.js",
              "file": "\\test\\arrayUtils.test.js",
              "beforeHooks": [],
              "afterHooks": [],
              "tests": [
                {
                  "title": "Возвращает минимальное число из массива",
                  "fullTitle": "Array Utils findMin Возвращает минимальное число из массива",
                  "timedOut": false,
                  "duration": 0,
                  "state": "passed",
                  "speed": "fast",
                  "pass": true,
                  "fail": false,
                  "pending": false,
                  "context": null,
                  "code": "expect(findMin([4, 6, 8])).to.equal(4);",
                  "err": {},
                  "uuid": "baf0f1d5-c77b-4d7e-b1e9-b0088c5bae9c",
                  "parentUUID": "492ce61d-a91c-4abc-a63c-11477ca7e9cd",
                  "isHook": false,
                  "skipped": false
                },
                {
                  "title": "Выбрасывает ошибку, если входной параметр не массив",
                  "fullTitle": "Array Utils findMin Выбрасывает ошибку, если входной параметр не массив",
                  "timedOut": false,
                  "duration": 0,
                  "state": "passed",
                  "speed": "fast",
                  "pass": true,
                  "fail": false,
                  "pending": false,
                  "context": null,
                  "code": "expect(() => findMin('not array')).to.throw('Input must be an array');",
                  "err": {},
                  "uuid": "a3096d41-421d-435f-b5f7-645f69ec7461",
                  "parentUUID": "492ce61d-a91c-4abc-a63c-11477ca7e9cd",
                  "isHook": false,
                  "skipped": false
                }
              ],
              "suites": [],
              "passes": [
                "baf0f1d5-c77b-4d7e-b1e9-b0088c5bae9c",
                "a3096d41-421d-435f-b5f7-645f69ec7461"
              ],
              "failures": [],
              "pending": [],
              "skipped": [],
              "duration": 0,
              "root": false,
              "rootEmpty": false,
              "_timeout": 2000
            },
            {
              "uuid": "d93482f9-d380-4b68-9f11-76119008db0c",
              "title": "removeDuplicates",
              "fullFile": "C:\\Users\\user\\Desktop\\Game Studies\\unit-tests-repo\\test\\arrayUtils.test.js",
              "file": "\\test\\arrayUtils.test.js",
              "beforeHooks": [],
              "afterHooks": [],
              "tests": [
                {
                  "title": "Удаляет дубликаты",
                  "fullTitle": "Array Utils removeDuplicates Удаляет дубликаты",
                  "timedOut": false,
                  "duration": 0,
                  "state": "passed",
                  "speed": "fast",
                  "pass": true,
                  "fail": false,
                  "pending": false,
                  "context": null,
                  "code": "expect(removeDuplicates([1, 2, 2, 3])).to.deep.equal([1, 2, 3]);",
                  "err": {},
                  "uuid": "404ae02a-efb2-40cd-878c-ec30cad1deb2",
                  "parentUUID": "d93482f9-d380-4b68-9f11-76119008db0c",
                  "isHook": false,
                  "skipped": false
                },
                {
                  "title": "Выбрасывает ошибку, если входной параметр не массив",
                  "fullTitle": "Array Utils removeDuplicates Выбрасывает ошибку, если входной параметр не массив",
                  "timedOut": false,
                  "duration": 0,
                  "state": "passed",
                  "speed": "fast",
                  "pass": true,
                  "fail": false,
                  "pending": false,
                  "context": null,
                  "code": "expect(() => removeDuplicates('not array')).to.throw('Input must be an array');",
                  "err": {},
                  "uuid": "5d518674-a92b-42ee-9cd8-2fe4ee4ea183",
                  "parentUUID": "d93482f9-d380-4b68-9f11-76119008db0c",
                  "isHook": false,
                  "skipped": false
                }
              ],
              "suites": [],
              "passes": [
                "404ae02a-efb2-40cd-878c-ec30cad1deb2",
                "5d518674-a92b-42ee-9cd8-2fe4ee4ea183"
              ],
              "failures": [],
              "pending": [],
              "skipped": [],
              "duration": 0,
              "root": false,
              "rootEmpty": false,
              "_timeout": 2000
            }
          ],
          "passes": [],
          "failures": [],
          "pending": [],
          "skipped": [],
          "duration": 0,
          "root": false,
          "rootEmpty": false,
          "_timeout": 2000
        },
        {
          "uuid": "9079a535-8375-4551-a371-3451e427e4e0",
          "title": "Math Utils",
          "fullFile": "C:\\Users\\user\\Desktop\\Game Studies\\unit-tests-repo\\test\\mathUtils.test.js",
          "file": "\\test\\mathUtils.test.js",
          "beforeHooks": [],
          "afterHooks": [],
          "tests": [],
          "suites": [
            {
              "uuid": "80161896-d258-44da-8303-6d24e98bed97",
              "title": "Add",
              "fullFile": "C:\\Users\\user\\Desktop\\Game Studies\\unit-tests-repo\\test\\mathUtils.test.js",
              "file": "\\test\\mathUtils.test.js",
              "beforeHooks": [],
              "afterHooks": [],
              "tests": [
                {
                  "title": "Возвращает сумму двух чисел",
                  "fullTitle": "Math Utils Add Возвращает сумму двух чисел",
                  "timedOut": false,
                  "duration": 0,
                  "state": "passed",
                  "speed": "fast",
                  "pass": true,
                  "fail": false,
                  "pending": false,
                  "context": null,
                  "code": "expect(add(3, 2)).to.equal(5);",
                  "err": {},
                  "uuid": "d797975b-59a4-4c1c-87d2-20ceb80a9f2f",
                  "parentUUID": "80161896-d258-44da-8303-6d24e98bed97",
                  "isHook": false,
                  "skipped": false
                }
              ],
              "suites": [],
              "passes": [
                "d797975b-59a4-4c1c-87d2-20ceb80a9f2f"
              ],
              "failures": [],
              "pending": [],
              "skipped": [],
              "duration": 0,
              "root": false,
              "rootEmpty": false,
              "_timeout": 2000
            },
            {
              "uuid": "e9c40f8e-a8a0-4b7f-985d-137de4151e48",
              "title": "Subtract",
              "fullFile": "C:\\Users\\user\\Desktop\\Game Studies\\unit-tests-repo\\test\\mathUtils.test.js",
              "file": "\\test\\mathUtils.test.js",
              "beforeHooks": [],
              "afterHooks": [],
              "tests": [
                {
                  "title": "Возвращает разницу двух чисел",
                  "fullTitle": "Math Utils Subtract Возвращает разницу двух чисел",
                  "timedOut": false,
                  "duration": 0,
                  "state": "passed",
                  "speed": "fast",
                  "pass": true,
                  "fail": false,
                  "pending": false,
                  "context": null,
                  "code": "expect(subtract(5, 2)).to.equal(3);",
                  "err": {},
                  "uuid": "d4fd0ed7-187b-404f-81a0-0a600440526f",
                  "parentUUID": "e9c40f8e-a8a0-4b7f-985d-137de4151e48",
                  "isHook": false,
                  "skipped": false
                }
              ],
              "suites": [],
              "passes": [
                "d4fd0ed7-187b-404f-81a0-0a600440526f"
              ],
              "failures": [],
              "pending": [],
              "skipped": [],
              "duration": 0,
              "root": false,
              "rootEmpty": false,
              "_timeout": 2000
            },
            {
              "uuid": "8e5e75c5-8f60-4c14-b40d-1d9d14f6554e",
              "title": "Multiply",
              "fullFile": "C:\\Users\\user\\Desktop\\Game Studies\\unit-tests-repo\\test\\mathUtils.test.js",
              "file": "\\test\\mathUtils.test.js",
              "beforeHooks": [],
              "afterHooks": [],
              "tests": [
                {
                  "title": "Возвращает произведение двух чисел",
                  "fullTitle": "Math Utils Multiply Возвращает произведение двух чисел",
                  "timedOut": false,
                  "duration": 0,
                  "state": "passed",
                  "speed": "fast",
                  "pass": true,
                  "fail": false,
                  "pending": false,
                  "context": null,
                  "code": "expect(multiply(4, 5)).to.equal(20);",
                  "err": {},
                  "uuid": "8010db2f-1dd7-4fab-a8c3-a75751cdec63",
                  "parentUUID": "8e5e75c5-8f60-4c14-b40d-1d9d14f6554e",
                  "isHook": false,
                  "skipped": false
                }
              ],
              "suites": [],
              "passes": [
                "8010db2f-1dd7-4fab-a8c3-a75751cdec63"
              ],
              "failures": [],
              "pending": [],
              "skipped": [],
              "duration": 0,
              "root": false,
              "rootEmpty": false,
              "_timeout": 2000
            },
            {
              "uuid": "ba8106eb-c7dc-493c-87a1-e89297ed8dc4",
              "title": "Divide",
              "fullFile": "C:\\Users\\user\\Desktop\\Game Studies\\unit-tests-repo\\test\\mathUtils.test.js",
              "file": "\\test\\mathUtils.test.js",
              "beforeHooks": [],
              "afterHooks": [],
              "tests": [
                {
                  "title": "Возвращает частное двух чисел",
                  "fullTitle": "Math Utils Divide Возвращает частное двух чисел",
                  "timedOut": false,
                  "duration": 0,
                  "state": "passed",
                  "speed": "fast",
                  "pass": true,
                  "fail": false,
                  "pending": false,
                  "context": null,
                  "code": "expect(divide(6, 2)).to.equal(3);",
                  "err": {},
                  "uuid": "669a8b57-7936-4b7b-b7a3-417320a9020b",
                  "parentUUID": "ba8106eb-c7dc-493c-87a1-e89297ed8dc4",
                  "isHook": false,
                  "skipped": false
                },
                {
                  "title": "Ошибка при делении на ноль",
                  "fullTitle": "Math Utils Divide Ошибка при делении на ноль",
                  "timedOut": false,
                  "duration": 0,
                  "state": "passed",
                  "speed": "fast",
                  "pass": true,
                  "fail": false,
                  "pending": false,
                  "context": null,
                  "code": "expect(() => divide(5, 0)).to.throw(\"Cannot divide by zero\");",
                  "err": {},
                  "uuid": "b187a0bc-1d3f-4de5-bd96-b0d626f32053",
                  "parentUUID": "ba8106eb-c7dc-493c-87a1-e89297ed8dc4",
                  "isHook": false,
                  "skipped": false
                }
              ],
              "suites": [],
              "passes": [
                "669a8b57-7936-4b7b-b7a3-417320a9020b",
                "b187a0bc-1d3f-4de5-bd96-b0d626f32053"
              ],
              "failures": [],
              "pending": [],
              "skipped": [],
              "duration": 0,
              "root": false,
              "rootEmpty": false,
              "_timeout": 2000
            }
          ],
          "passes": [],
          "failures": [],
          "pending": [],
          "skipped": [],
          "duration": 0,
          "root": false,
          "rootEmpty": false,
          "_timeout": 2000
        },
        {
          "uuid": "f9803041-f49b-4008-abc1-184f82cde8c5",
          "title": "String Utils",
          "fullFile": "C:\\Users\\user\\Desktop\\Game Studies\\unit-tests-repo\\test\\stringUtils.test.js",
          "file": "\\test\\stringUtils.test.js",
          "beforeHooks": [],
          "afterHooks": [],
          "tests": [],
          "suites": [
            {
              "uuid": "1d1c7d58-e693-4388-8fd6-ae12e4c21a48",
              "title": "capitalize",
              "fullFile": "C:\\Users\\user\\Desktop\\Game Studies\\unit-tests-repo\\test\\stringUtils.test.js",
              "file": "\\test\\stringUtils.test.js",
              "beforeHooks": [],
              "afterHooks": [],
              "tests": [
                {
                  "title": "Делает первую букву заглавной",
                  "fullTitle": "String Utils capitalize Делает первую букву заглавной",
                  "timedOut": false,
                  "duration": 1,
                  "state": "passed",
                  "speed": "fast",
                  "pass": true,
                  "fail": false,
                  "pending": false,
                  "context": null,
                  "code": "expect(capitalize('chanel')).to.equal('Chanel');",
                  "err": {},
                  "uuid": "d0c3f8ba-3ad1-4199-ab03-7508081c2a70",
                  "parentUUID": "1d1c7d58-e693-4388-8fd6-ae12e4c21a48",
                  "isHook": false,
                  "skipped": false
                },
                {
                  "title": "Выбрасывает ошибку, если входной параметр не строка",
                  "fullTitle": "String Utils capitalize Выбрасывает ошибку, если входной параметр не строка",
                  "timedOut": false,
                  "duration": 0,
                  "state": "passed",
                  "speed": "fast",
                  "pass": true,
                  "fail": false,
                  "pending": false,
                  "context": null,
                  "code": "expect(() => capitalize(123)).to.throw(\"Input must be a string\");",
                  "err": {},
                  "uuid": "5798b619-fccd-4d2f-94aa-cadc2c829c7f",
                  "parentUUID": "1d1c7d58-e693-4388-8fd6-ae12e4c21a48",
                  "isHook": false,
                  "skipped": false
                }
              ],
              "suites": [],
              "passes": [
                "d0c3f8ba-3ad1-4199-ab03-7508081c2a70",
                "5798b619-fccd-4d2f-94aa-cadc2c829c7f"
              ],
              "failures": [],
              "pending": [],
              "skipped": [],
              "duration": 1,
              "root": false,
              "rootEmpty": false,
              "_timeout": 2000
            },
            {
              "uuid": "c2a83a92-af57-4b04-a7f5-34641688f83d",
              "title": "reverseString",
              "fullFile": "C:\\Users\\user\\Desktop\\Game Studies\\unit-tests-repo\\test\\stringUtils.test.js",
              "file": "\\test\\stringUtils.test.js",
              "beforeHooks": [],
              "afterHooks": [],
              "tests": [
                {
                  "title": "Отражает строку",
                  "fullTitle": "String Utils reverseString Отражает строку",
                  "timedOut": false,
                  "duration": 0,
                  "state": "passed",
                  "speed": "fast",
                  "pass": true,
                  "fail": false,
                  "pending": false,
                  "context": null,
                  "code": "expect(reverseString('drawer')).to.equal('reward');",
                  "err": {},
                  "uuid": "e2084f7a-cde2-40d9-951f-c8adf616d3ca",
                  "parentUUID": "c2a83a92-af57-4b04-a7f5-34641688f83d",
                  "isHook": false,
                  "skipped": false
                },
                {
                  "title": "Выбрасывает ошибку, если входной параметр не строка",
                  "fullTitle": "String Utils reverseString Выбрасывает ошибку, если входной параметр не строка",
                  "timedOut": false,
                  "duration": 0,
                  "state": "passed",
                  "speed": "fast",
                  "pass": true,
                  "fail": false,
                  "pending": false,
                  "context": null,
                  "code": "expect(() => reverseString(true)).to.throw(\"Input must be a string\");",
                  "err": {},
                  "uuid": "9fa9dc88-f0d1-4837-8d11-c935509f62f0",
                  "parentUUID": "c2a83a92-af57-4b04-a7f5-34641688f83d",
                  "isHook": false,
                  "skipped": false
                }
              ],
              "suites": [],
              "passes": [
                "e2084f7a-cde2-40d9-951f-c8adf616d3ca",
                "9fa9dc88-f0d1-4837-8d11-c935509f62f0"
              ],
              "failures": [],
              "pending": [],
              "skipped": [],
              "duration": 0,
              "root": false,
              "rootEmpty": false,
              "_timeout": 2000
            },
            {
              "uuid": "b7a488c6-1e97-4e57-86b1-d784b11f3aaa",
              "title": "isPalindrome",
              "fullFile": "C:\\Users\\user\\Desktop\\Game Studies\\unit-tests-repo\\test\\stringUtils.test.js",
              "file": "\\test\\stringUtils.test.js",
              "beforeHooks": [],
              "afterHooks": [],
              "tests": [
                {
                  "title": "Определяет палиндромы",
                  "fullTitle": "String Utils isPalindrome Определяет палиндромы",
                  "timedOut": false,
                  "duration": 0,
                  "state": "passed",
                  "speed": "fast",
                  "pass": true,
                  "fail": false,
                  "pending": false,
                  "context": null,
                  "code": "expect(isPalindrome('madam')).to.be.true;",
                  "err": {},
                  "uuid": "3206dcb4-fe9d-45f8-9bdc-78d2baf1acdd",
                  "parentUUID": "b7a488c6-1e97-4e57-86b1-d784b11f3aaa",
                  "isHook": false,
                  "skipped": false
                },
                {
                  "title": "Не определяет как палиндром ",
                  "fullTitle": "String Utils isPalindrome Не определяет как палиндром ",
                  "timedOut": false,
                  "duration": 0,
                  "state": "passed",
                  "speed": "fast",
                  "pass": true,
                  "fail": false,
                  "pending": false,
                  "context": null,
                  "code": "expect(isPalindrome('hello')).to.be.false;",
                  "err": {},
                  "uuid": "ff787640-f1d5-4725-be45-7981fd22e0cd",
                  "parentUUID": "b7a488c6-1e97-4e57-86b1-d784b11f3aaa",
                  "isHook": false,
                  "skipped": false
                },
                {
                  "title": "Выбрасывает ошибку, если входной параметр не строка",
                  "fullTitle": "String Utils isPalindrome Выбрасывает ошибку, если входной параметр не строка",
                  "timedOut": false,
                  "duration": 1,
                  "state": "passed",
                  "speed": "fast",
                  "pass": true,
                  "fail": false,
                  "pending": false,
                  "context": null,
                  "code": "expect(() => isPalindrome(123)).to.throw(\"Input must be a string\");",
                  "err": {},
                  "uuid": "e8b08719-fe89-4cad-a5e5-02983c4b6c64",
                  "parentUUID": "b7a488c6-1e97-4e57-86b1-d784b11f3aaa",
                  "isHook": false,
                  "skipped": false
                }
              ],
              "suites": [],
              "passes": [
                "3206dcb4-fe9d-45f8-9bdc-78d2baf1acdd",
                "ff787640-f1d5-4725-be45-7981fd22e0cd",
                "e8b08719-fe89-4cad-a5e5-02983c4b6c64"
              ],
              "failures": [],
              "pending": [],
              "skipped": [],
              "duration": 1,
              "root": false,
              "rootEmpty": false,
              "_timeout": 2000
            }
          ],
          "passes": [],
          "failures": [],
          "pending": [],
          "skipped": [],
          "duration": 0,
          "root": false,
          "rootEmpty": false,
          "_timeout": 2000
        },
        {
          "uuid": "8c4741a2-6b75-439c-bf02-426367b259af",
          "title": "Student Knowledge Checker",
          "fullFile": "C:\\Users\\user\\Desktop\\Game Studies\\unit-tests-repo\\test\\studentKnowledgeChecker.test.js",
          "file": "\\test\\studentKnowledgeChecker.test.js",
          "beforeHooks": [],
          "afterHooks": [],
          "tests": [
            {
              "title": "Возвращает true для правильных ответов",
              "fullTitle": "Student Knowledge Checker Возвращает true для правильных ответов",
              "timedOut": false,
              "duration": 0,
              "state": "passed",
              "speed": "fast",
              "pass": true,
              "fail": false,
              "pending": false,
              "context": null,
              "code": "const studentAnswers = { q1: 'a1', q2: 'a2' };\nconst correctAnswers = { q1: 'a1', q2: 'a2' };\nexpect(checkStudentKnowledge(studentAnswers, correctAnswers)).to.be.true;",
              "err": {},
              "uuid": "23e0f558-81c2-41d5-9565-1a6d50cb8db4",
              "parentUUID": "8c4741a2-6b75-439c-bf02-426367b259af",
              "isHook": false,
              "skipped": false
            },
            {
              "title": "Возвращает false для неправильных ответов",
              "fullTitle": "Student Knowledge Checker Возвращает false для неправильных ответов",
              "timedOut": false,
              "duration": 1,
              "state": "passed",
              "speed": "fast",
              "pass": true,
              "fail": false,
              "pending": false,
              "context": null,
              "code": "const studentAnswers = { q1: 'a1', q2: 'wrong' };\nconst correctAnswers = { q1: 'a1', q2: 'a2' };\nexpect(checkStudentKnowledge(studentAnswers, correctAnswers)).to.be.false;",
              "err": {},
              "uuid": "8f301ce1-dec7-45ae-ae7f-6d8d54e39c1d",
              "parentUUID": "8c4741a2-6b75-439c-bf02-426367b259af",
              "isHook": false,
              "skipped": false
            },
            {
              "title": "Возвращает false, если количество ключей разное",
              "fullTitle": "Student Knowledge Checker Возвращает false, если количество ключей разное",
              "timedOut": false,
              "duration": 0,
              "state": "passed",
              "speed": "fast",
              "pass": true,
              "fail": false,
              "pending": false,
              "context": null,
              "code": "const studentAnswers = { q1: 'a1', q2: 'a2', q3: 'a3' };\nconst correctAnswers = { q1: 'a1', q2: 'a2' };\nexpect(checkStudentKnowledge(studentAnswers, correctAnswers)).to.be.false;",
              "err": {},
              "uuid": "12dce8ee-e15f-493e-95ad-8b6a6a5c5ed4",
              "parentUUID": "8c4741a2-6b75-439c-bf02-426367b259af",
              "isHook": false,
              "skipped": false
            },
            {
              "title": "Возвращает false, если ключи не совпадают",
              "fullTitle": "Student Knowledge Checker Возвращает false, если ключи не совпадают",
              "timedOut": false,
              "duration": 0,
              "state": "passed",
              "speed": "fast",
              "pass": true,
              "fail": false,
              "pending": false,
              "context": null,
              "code": "const studentAnswers = { q1: 'a1', q3: 'a3' };\nconst correctAnswers = { q1: 'a1', q2: 'a2' };\nexpect(checkStudentKnowledge(studentAnswers, correctAnswers)).to.be.false;",
              "err": {},
              "uuid": "d8b3ec90-f110-464f-8dae-ea98b14fbd65",
              "parentUUID": "8c4741a2-6b75-439c-bf02-426367b259af",
              "isHook": false,
              "skipped": false
            }
          ],
          "suites": [],
          "passes": [
            "23e0f558-81c2-41d5-9565-1a6d50cb8db4",
            "8f301ce1-dec7-45ae-ae7f-6d8d54e39c1d",
            "12dce8ee-e15f-493e-95ad-8b6a6a5c5ed4",
            "d8b3ec90-f110-464f-8dae-ea98b14fbd65"
          ],
          "failures": [],
          "pending": [],
          "skipped": [],
          "duration": 1,
          "root": false,
          "rootEmpty": false,
          "_timeout": 2000
        },
        {
          "uuid": "1b2a63ab-f950-45b7-8b0a-b0b9cf0e8287",
          "title": "Users List Utils",
          "fullFile": "C:\\Users\\user\\Desktop\\Game Studies\\unit-tests-repo\\test\\usersListUtils.test.js",
          "file": "\\test\\usersListUtils.test.js",
          "beforeHooks": [],
          "afterHooks": [],
          "tests": [],
          "suites": [
            {
              "uuid": "c9ceac54-dc48-4437-b027-16484a801299",
              "title": "filterUsersByAge",
              "fullFile": "C:\\Users\\user\\Desktop\\Game Studies\\unit-tests-repo\\test\\usersListUtils.test.js",
              "file": "\\test\\usersListUtils.test.js",
              "beforeHooks": [],
              "afterHooks": [],
              "tests": [
                {
                  "title": "Фильтрует пользователей по возрасту",
                  "fullTitle": "Users List Utils filterUsersByAge Фильтрует пользователей по возрасту",
                  "timedOut": false,
                  "duration": 0,
                  "state": "passed",
                  "speed": "fast",
                  "pass": true,
                  "fail": false,
                  "pending": false,
                  "context": null,
                  "code": "const users = [\n  { id: 1, age: 20 },\n  { id: 2, age: 25 },\n  { id: 3, age: 30 },\n];\nexpect(filterUsersByAge(users, 20, 27)).to.deep.equal([\n  { id: 1, age: 20 },\n  { id: 2, age: 25 },\n]);",
                  "err": {},
                  "uuid": "10974425-f8fa-4c47-a5c9-45f88b5d0b83",
                  "parentUUID": "c9ceac54-dc48-4437-b027-16484a801299",
                  "isHook": false,
                  "skipped": false
                },
                {
                  "title": "Выбрасывает ошибку, если входной параметр не массив",
                  "fullTitle": "Users List Utils filterUsersByAge Выбрасывает ошибку, если входной параметр не массив",
                  "timedOut": false,
                  "duration": 0,
                  "state": "passed",
                  "speed": "fast",
                  "pass": true,
                  "fail": false,
                  "pending": false,
                  "context": null,
                  "code": "expect(() => filterUsersByAge('not array', 20, 30)).to.throw('Users must be an array');",
                  "err": {},
                  "uuid": "d055c2df-3694-4205-b92d-b4c2af634c55",
                  "parentUUID": "c9ceac54-dc48-4437-b027-16484a801299",
                  "isHook": false,
                  "skipped": false
                }
              ],
              "suites": [],
              "passes": [
                "10974425-f8fa-4c47-a5c9-45f88b5d0b83",
                "d055c2df-3694-4205-b92d-b4c2af634c55"
              ],
              "failures": [],
              "pending": [],
              "skipped": [],
              "duration": 0,
              "root": false,
              "rootEmpty": false,
              "_timeout": 2000
            },
            {
              "uuid": "63b6268d-fc2a-4139-8d64-fe14b2ec9c2e",
              "title": "sortUsersByName",
              "fullFile": "C:\\Users\\user\\Desktop\\Game Studies\\unit-tests-repo\\test\\usersListUtils.test.js",
              "file": "\\test\\usersListUtils.test.js",
              "beforeHooks": [],
              "afterHooks": [],
              "tests": [
                {
                  "title": "Сортирует пользователей по имени",
                  "fullTitle": "Users List Utils sortUsersByName Сортирует пользователей по имени",
                  "timedOut": false,
                  "duration": 9,
                  "state": "passed",
                  "speed": "fast",
                  "pass": true,
                  "fail": false,
                  "pending": false,
                  "context": null,
                  "code": "const users = [\n  { id: 1, name: 'John' },\n  { id: 2, name: 'Alice' },\n  { id: 3, name: 'Bob' },\n];\nexpect(sortUsersByName(users)).to.deep.equal([\n  { id: 2, name: 'Alice' },\n  { id: 3, name: 'Bob' },\n  { id: 1, name: 'John' },\n]);",
                  "err": {},
                  "uuid": "f5ce218d-1e7c-4a19-bd46-19bbe832f4a9",
                  "parentUUID": "63b6268d-fc2a-4139-8d64-fe14b2ec9c2e",
                  "isHook": false,
                  "skipped": false
                },
                {
                  "title": "Выбрасывает ошибку, если входной параметр не массив",
                  "fullTitle": "Users List Utils sortUsersByName Выбрасывает ошибку, если входной параметр не массив",
                  "timedOut": false,
                  "duration": 1,
                  "state": "passed",
                  "speed": "fast",
                  "pass": true,
                  "fail": false,
                  "pending": false,
                  "context": null,
                  "code": "expect(() => sortUsersByName('not array')).to.throw('Users must be an array');",
                  "err": {},
                  "uuid": "d0e2117d-b48c-47b9-8f54-9c1c85fbdd28",
                  "parentUUID": "63b6268d-fc2a-4139-8d64-fe14b2ec9c2e",
                  "isHook": false,
                  "skipped": false
                }
              ],
              "suites": [],
              "passes": [
                "f5ce218d-1e7c-4a19-bd46-19bbe832f4a9",
                "d0e2117d-b48c-47b9-8f54-9c1c85fbdd28"
              ],
              "failures": [],
              "pending": [],
              "skipped": [],
              "duration": 10,
              "root": false,
              "rootEmpty": false,
              "_timeout": 2000
            },
            {
              "uuid": "a4f9204e-c5b2-468f-a44f-962e230574a5",
              "title": "findUserById",
              "fullFile": "C:\\Users\\user\\Desktop\\Game Studies\\unit-tests-repo\\test\\usersListUtils.test.js",
              "file": "\\test\\usersListUtils.test.js",
              "beforeHooks": [],
              "afterHooks": [],
              "tests": [
                {
                  "title": "Находит пользователя по ID",
                  "fullTitle": "Users List Utils findUserById Находит пользователя по ID",
                  "timedOut": false,
                  "duration": 0,
                  "state": "passed",
                  "speed": "fast",
                  "pass": true,
                  "fail": false,
                  "pending": false,
                  "context": null,
                  "code": "const users = [\n  { id: 1, name: 'John' },\n  { id: 2, name: 'Alice' },\n];\nexpect(findUserById(users, 2)).to.deep.equal({ id: 2, name: 'Alice' });",
                  "err": {},
                  "uuid": "41759071-fc54-4d81-8f7c-1e4f4d43b831",
                  "parentUUID": "a4f9204e-c5b2-468f-a44f-962e230574a5",
                  "isHook": false,
                  "skipped": false
                },
                {
                  "title": "Выбрасывает ошибку, если входной параметр не массив",
                  "fullTitle": "Users List Utils findUserById Выбрасывает ошибку, если входной параметр не массив",
                  "timedOut": false,
                  "duration": 1,
                  "state": "passed",
                  "speed": "fast",
                  "pass": true,
                  "fail": false,
                  "pending": false,
                  "context": null,
                  "code": "expect(() => findUserById('not array', 1)).to.throw('Users must be an array');",
                  "err": {},
                  "uuid": "ac266d1a-32da-4453-a9ef-e92cb61464ce",
                  "parentUUID": "a4f9204e-c5b2-468f-a44f-962e230574a5",
                  "isHook": false,
                  "skipped": false
                }
              ],
              "suites": [],
              "passes": [
                "41759071-fc54-4d81-8f7c-1e4f4d43b831",
                "ac266d1a-32da-4453-a9ef-e92cb61464ce"
              ],
              "failures": [],
              "pending": [],
              "skipped": [],
              "duration": 1,
              "root": false,
              "rootEmpty": false,
              "_timeout": 2000
            },
            {
              "uuid": "1846fafa-9086-4620-916b-dc8e2645cfdd",
              "title": "isEmailTaken",
              "fullFile": "C:\\Users\\user\\Desktop\\Game Studies\\unit-tests-repo\\test\\usersListUtils.test.js",
              "file": "\\test\\usersListUtils.test.js",
              "beforeHooks": [],
              "afterHooks": [],
              "tests": [
                {
                  "title": "Проверяет, существует ли пользователь с указанным email",
                  "fullTitle": "Users List Utils isEmailTaken Проверяет, существует ли пользователь с указанным email",
                  "timedOut": false,
                  "duration": 0,
                  "state": "passed",
                  "speed": "fast",
                  "pass": true,
                  "fail": false,
                  "pending": false,
                  "context": null,
                  "code": "const users = [\n  { id: 1, email: 'john@example.com' },\n  { id: 2, email: 'alice@example.com' },\n];\nexpect(isEmailTaken(users, 'john@example.com')).to.be.true;",
                  "err": {},
                  "uuid": "ecbb8477-03d6-4d8d-b821-97c0d0778e90",
                  "parentUUID": "1846fafa-9086-4620-916b-dc8e2645cfdd",
                  "isHook": false,
                  "skipped": false
                },
                {
                  "title": "Выбрасывает ошибку, если входной параметр не массив",
                  "fullTitle": "Users List Utils isEmailTaken Выбрасывает ошибку, если входной параметр не массив",
                  "timedOut": false,
                  "duration": 0,
                  "state": "passed",
                  "speed": "fast",
                  "pass": true,
                  "fail": false,
                  "pending": false,
                  "context": null,
                  "code": "expect(() => isEmailTaken('not array', 'test@example.com')).to.throw('Users must be an array');",
                  "err": {},
                  "uuid": "fe2999f5-43fd-4b97-9ded-74de9e303935",
                  "parentUUID": "1846fafa-9086-4620-916b-dc8e2645cfdd",
                  "isHook": false,
                  "skipped": false
                }
              ],
              "suites": [],
              "passes": [
                "ecbb8477-03d6-4d8d-b821-97c0d0778e90",
                "fe2999f5-43fd-4b97-9ded-74de9e303935"
              ],
              "failures": [],
              "pending": [],
              "skipped": [],
              "duration": 0,
              "root": false,
              "rootEmpty": false,
              "_timeout": 2000
            }
          ],
          "passes": [],
          "failures": [],
          "pending": [],
          "skipped": [],
          "duration": 0,
          "root": false,
          "rootEmpty": false,
          "_timeout": 2000
        }
      ],
      "passes": [],
      "failures": [],
      "pending": [],
      "skipped": [],
      "duration": 0,
      "root": true,
      "rootEmpty": true,
      "_timeout": 2000
    }
  ],
  "meta": {
    "mocha": {
      "version": "11.1.0"
    },
    "mochawesome": {
      "options": {
        "quiet": false,
        "reportFilename": "test-report",
        "saveHtml": true,
        "saveJson": true,
        "consoleReporter": "spec",
        "useInlineDiffs": false,
        "code": true
      },
      "version": "7.1.3"
    },
    "marge": {
      "options": {
        "reportDir": "reports",
        "reportFilename": "test-report",
        "overwrite": "true"
      },
      "version": "6.2.0"
    }
  }
}